<?xml version="1.0" encoding="UTF-8"?>
<testsuite xmlns:xsi="http://www.w3.org/2001/XMLSchema-instance" xsi:noNamespaceSchemaLocation="https://maven.apache.org/surefire/maven-surefire-plugin/xsd/surefire-test-report.xsd" name="BonusRewardsTest" time="1.817" tests="7" errors="0" skipped="0" failures="0">
  <properties>
    <property name="java.specification.version" value="19"/>
    <property name="sun.jnu.encoding" value="UTF-8"/>
    <property name="java.class.path" value="/Users/odiesantos/Desktop/SFUBreak1/project/Game/mygame/target/test-classes:/Users/odiesantos/Desktop/SFUBreak1/project/Game/mygame/target/classes:/Users/odiesantos/.m2/repository/org/openjfx/javafx-controls/17/javafx-controls-17.jar:/Users/odiesantos/.m2/repository/org/openjfx/javafx-controls/17/javafx-controls-17-mac.jar:/Users/odiesantos/.m2/repository/org/openjfx/javafx-graphics/17/javafx-graphics-17.jar:/Users/odiesantos/.m2/repository/org/openjfx/javafx-graphics/17/javafx-graphics-17-mac.jar:/Users/odiesantos/.m2/repository/org/openjfx/javafx-base/17/javafx-base-17.jar:/Users/odiesantos/.m2/repository/org/openjfx/javafx-base/17/javafx-base-17-mac.jar:/Users/odiesantos/.m2/repository/junit/junit/4.11/junit-4.11.jar:/Users/odiesantos/.m2/repository/org/hamcrest/hamcrest-core/1.3/hamcrest-core-1.3.jar:"/>
    <property name="java.vm.vendor" value="Homebrew"/>
    <property name="sun.arch.data.model" value="64"/>
    <property name="java.vendor.url" value="https://github.com/Homebrew/homebrew-core/issues"/>
    <property name="os.name" value="Mac OS X"/>
    <property name="java.vm.specification.version" value="19"/>
    <property name="sun.java.launcher" value="SUN_STANDARD"/>
    <property name="user.country" value="CA"/>
    <property name="sun.boot.library.path" value="/usr/local/Cellar/openjdk/19.0.2/libexec/openjdk.jdk/Contents/Home/lib"/>
    <property name="sun.java.command" value="/Users/odiesantos/Desktop/SFUBreak1/project/Game/mygame/target/surefire/surefirebooter10636478012639801568.jar /Users/odiesantos/Desktop/SFUBreak1/project/Game/mygame/target/surefire 2023-04-04T21-45-17_212-jvmRun1 surefire18331324528868184979tmp surefire_03298199729949587238tmp"/>
    <property name="http.nonProxyHosts" value="local|*.local|169.254/16|*.169.254/16"/>
    <property name="jdk.debug" value="release"/>
    <property name="surefire.test.class.path" value="/Users/odiesantos/Desktop/SFUBreak1/project/Game/mygame/target/test-classes:/Users/odiesantos/Desktop/SFUBreak1/project/Game/mygame/target/classes:/Users/odiesantos/.m2/repository/org/openjfx/javafx-controls/17/javafx-controls-17.jar:/Users/odiesantos/.m2/repository/org/openjfx/javafx-controls/17/javafx-controls-17-mac.jar:/Users/odiesantos/.m2/repository/org/openjfx/javafx-graphics/17/javafx-graphics-17.jar:/Users/odiesantos/.m2/repository/org/openjfx/javafx-graphics/17/javafx-graphics-17-mac.jar:/Users/odiesantos/.m2/repository/org/openjfx/javafx-base/17/javafx-base-17.jar:/Users/odiesantos/.m2/repository/org/openjfx/javafx-base/17/javafx-base-17-mac.jar:/Users/odiesantos/.m2/repository/junit/junit/4.11/junit-4.11.jar:/Users/odiesantos/.m2/repository/org/hamcrest/hamcrest-core/1.3/hamcrest-core-1.3.jar:"/>
    <property name="sun.cpu.endian" value="little"/>
    <property name="user.home" value="/Users/odiesantos"/>
    <property name="user.language" value="en"/>
    <property name="java.specification.vendor" value="Oracle Corporation"/>
    <property name="java.version.date" value="2023-01-17"/>
    <property name="java.home" value="/usr/local/Cellar/openjdk/19.0.2/libexec/openjdk.jdk/Contents/Home"/>
    <property name="file.separator" value="/"/>
    <property name="basedir" value="/Users/odiesantos/Desktop/SFUBreak1/project/Game/mygame"/>
    <property name="java.vm.compressedOopsMode" value="Zero based"/>
    <property name="line.separator" value="&#10;"/>
    <property name="java.vm.specification.vendor" value="Oracle Corporation"/>
    <property name="java.specification.name" value="Java Platform API Specification"/>
    <property name="apple.awt.application.name" value="ForkedBooter"/>
    <property name="surefire.real.class.path" value="/Users/odiesantos/Desktop/SFUBreak1/project/Game/mygame/target/surefire/surefirebooter10636478012639801568.jar"/>
    <property name="sun.management.compiler" value="HotSpot 64-Bit Tiered Compilers"/>
    <property name="ftp.nonProxyHosts" value="local|*.local|169.254/16|*.169.254/16"/>
    <property name="java.runtime.version" value="19.0.2"/>
    <property name="user.name" value="odiesantos"/>
    <property name="stdout.encoding" value="UTF-8"/>
    <property name="path.separator" value=":"/>
    <property name="os.version" value="11.5.1"/>
    <property name="java.runtime.name" value="OpenJDK Runtime Environment"/>
    <property name="file.encoding" value="UTF-8"/>
    <property name="java.vm.name" value="OpenJDK 64-Bit Server VM"/>
    <property name="java.vendor.version" value="Homebrew"/>
    <property name="localRepository" value="/Users/odiesantos/.m2/repository"/>
    <property name="java.vendor.url.bug" value="https://github.com/Homebrew/homebrew-core/issues"/>
    <property name="java.io.tmpdir" value="/var/folders/lx/l9p6011j6jj2fg0wn4554ftr0000gn/T/"/>
    <property name="java.version" value="19.0.2"/>
    <property name="user.dir" value="/Users/odiesantos/Desktop/SFUBreak1/project/Game/mygame"/>
    <property name="os.arch" value="x86_64"/>
    <property name="java.vm.specification.name" value="Java Virtual Machine Specification"/>
    <property name="native.encoding" value="UTF-8"/>
    <property name="java.library.path" value="/Users/odiesantos/Library/Java/Extensions:/Library/Java/Extensions:/Network/Library/Java/Extensions:/System/Library/Java/Extensions:/usr/lib/java:."/>
    <property name="java.vm.info" value="mixed mode, sharing"/>
    <property name="stderr.encoding" value="UTF-8"/>
    <property name="java.vendor" value="Homebrew"/>
    <property name="java.vm.version" value="19.0.2"/>
    <property name="sun.io.unicode.encoding" value="UnicodeBig"/>
    <property name="socksNonProxyHosts" value="local|*.local|169.254/16|*.169.254/16"/>
    <property name="java.class.version" value="63.0"/>
  </properties>
  <testcase name="testCheckCollision" classname="BonusRewardsTest" time="0.233"/>
  <testcase name="testSpawning" classname="BonusRewardsTest" time="0.283"/>
  <testcase name="testDraw" classname="BonusRewardsTest" time="0.249"/>
  <testcase name="testSetRewardAmount" classname="BonusRewardsTest" time="0.311"/>
  <testcase name="testGetBonusRewardsSprite" classname="BonusRewardsTest" time="0.235"/>
  <testcase name="reAllocateClaimReward" classname="BonusRewardsTest" time="0.226"/>
  <testcase name="testClaimReward" classname="BonusRewardsTest" time="0.279"/>
</testsuite>